 syncer-server-filesystem: Dispatching 'save' task: $:/StoryList 
Serving on http://0.0.0.0:8080
(press ctrl-C to exit)
 syncer-server-filesystem: Dispatching 'save' task: $:/StoryList 
 syncer-server-filesystem: Dispatching 'save' task: $:/StoryList 
 syncer-server-filesystem: Dispatching 'save' task: $:/StoryList 
 syncer-server-filesystem: Dispatching 'save' task: $:/StoryList 
 syncer-server-filesystem: Dispatching 'save' task: $:/StoryList 
 syncer-server-filesystem: Dispatching 'save' task: $:/StoryList 
 syncer-server-filesystem: Dispatching 'save' task: $:/StoryList 
 syncer-server-filesystem: Dispatching 'save' task: $:/StoryList 
 syncer-server-filesystem: Dispatching 'save' task: Draft of 'static.css' by username 
 syncer-server-filesystem: Dispatching 'save' task: $:/StoryList 
 syncer-server-filesystem: Dispatching 'delete' task: Draft of 'static.css' by username 
 syncer-server-filesystem: Dispatching 'save' task: $:/StoryList 
 syncer-server-filesystem: Dispatching 'save' task: Draft of 'static.css' by username 
 syncer-server-filesystem: Dispatching 'save' task: Draft of 'static.css' by username 
 syncer-server-filesystem: Dispatching 'save' task: Draft of 'static.css' by username 
 syncer-server-filesystem: Dispatching 'save' task: $:/StoryList 
 syncer-server-filesystem: Dispatching 'save' task: static.css 
 syncer-server-filesystem: Dispatching 'delete' task: Draft of 'static.css' by username 
 syncer-server-filesystem: Dispatching 'save' task: $:/StoryList 
 syncer-server-filesystem: Dispatching 'save' task: $:/StoryList 
 syncer-server-filesystem: Dispatching 'save' task: $:/StoryList 
 syncer-server-filesystem: Dispatching 'save' task: $:/StoryList 
 syncer-server-filesystem: Dispatching 'save' task: Draft of 'New Tiddler' by username 
 syncer-server-filesystem: Dispatching 'save' task: Draft of 'New Tiddler' by username 
 syncer-server-filesystem: Dispatching 'save' task: Draft of 'New Tiddler' by username 
 syncer-server-filesystem: Dispatching 'save' task: Draft of 'New Tiddler' by username 
 syncer-server-filesystem: Dispatching 'save' task: Draft of 'New Tiddler' by username 
 syncer-server-filesystem: Dispatching 'save' task: Draft of 'New Tiddler' by username 
 syncer-server-filesystem: Dispatching 'save' task: Draft of 'New Tiddler' by username 
 syncer-server-filesystem: Dispatching 'save' task: Draft of 'New Tiddler' by username 
 syncer-server-filesystem: Dispatching 'save' task: Draft of 'New Tiddler' by username 
 syncer-server-filesystem: Dispatching 'save' task: Draft of 'New Tiddler' by username 
 syncer-server-filesystem: Dispatching 'save' task: Draft of 'New Tiddler' by username 
 syncer-server-filesystem: Dispatching 'save' task: Draft of 'New Tiddler' by username 
 syncer-server-filesystem: Dispatching 'save' task: Draft of 'New Tiddler' by username 
 syncer-server-filesystem: Dispatching 'save' task: Draft of 'New Tiddler' by username 
 syncer-server-filesystem: Dispatching 'save' task: Draft of 'New Tiddler' by username 
 syncer-server-filesystem: Dispatching 'save' task: Draft of 'New Tiddler' by username 
 syncer-server-filesystem: Dispatching 'save' task: Draft of 'New Tiddler' by username 
 syncer-server-filesystem: Dispatching 'save' task: Draft of 'New Tiddler' by username 
 syncer-server-filesystem: Dispatching 'save' task: Draft of 'New Tiddler' by username 
 syncer-server-filesystem: Dispatching 'save' task: Draft of 'New Tiddler' by username 
 syncer-server-filesystem: Dispatching 'save' task: Draft of 'New Tiddler' by username 
 syncer-server-filesystem: Dispatching 'save' task: Draft of 'New Tiddler' by username 
 syncer-server-filesystem: Dispatching 'save' task: Draft of 'New Tiddler' by username 
 syncer-server-filesystem: Dispatching 'save' task: Draft of 'New Tiddler' by username 
 syncer-server-filesystem: Dispatching 'save' task: Draft of 'New Tiddler' by username 
 syncer-server-filesystem: Dispatching 'save' task: Draft of 'New Tiddler' by username 
 syncer-server-filesystem: Dispatching 'save' task: Draft of 'New Tiddler' by username 
 syncer-server-filesystem: Dispatching 'save' task: Draft of 'New Tiddler' by username 
 syncer-server-filesystem: Dispatching 'save' task: Draft of 'New Tiddler' by username 
 syncer-server-filesystem: Dispatching 'save' task: Draft of 'New Tiddler' by username 
 syncer-server-filesystem: Dispatching 'save' task: Draft of 'New Tiddler' by username 
 syncer-server-filesystem: Dispatching 'save' task: Draft of 'New Tiddler' by username 
 syncer-server-filesystem: Dispatching 'save' task: Draft of 'New Tiddler' by username 
 syncer-server-filesystem: Dispatching 'save' task: Draft of 'New Tiddler' by username 
 syncer-server-filesystem: Dispatching 'save' task: Draft of 'New Tiddler' by username 
 syncer-server-filesystem: Dispatching 'save' task: Draft of 'New Tiddler' by username 
 syncer-server-filesystem: Dispatching 'save' task: Draft of 'New Tiddler' by username 
 syncer-server-filesystem: Dispatching 'save' task: Draft of 'New Tiddler' by username 
 syncer-server-filesystem: Dispatching 'save' task: Draft of 'New Tiddler' by username 
 syncer-server-filesystem: Dispatching 'save' task: Draft of 'New Tiddler' by username 
 syncer-server-filesystem: Dispatching 'save' task: Draft of 'New Tiddler' by username 
 syncer-server-filesystem: Dispatching 'save' task: Draft of 'New Tiddler' by username 
 syncer-server-filesystem: Dispatching 'save' task: Draft of 'New Tiddler' by username 
 syncer-server-filesystem: Dispatching 'save' task: Draft of 'New Tiddler' by username 
 syncer-server-filesystem: Dispatching 'save' task: Draft of 'New Tiddler' by username 
 syncer-server-filesystem: Dispatching 'save' task: Draft of 'New Tiddler' by username 
 syncer-server-filesystem: Dispatching 'save' task: Draft of 'New Tiddler' by username 
 syncer-server-filesystem: Dispatching 'save' task: Draft of 'New Tiddler' by username 
 syncer-server-filesystem: Dispatching 'save' task: Draft of 'New Tiddler' by username 
 syncer-server-filesystem: Dispatching 'save' task: Draft of 'New Tiddler' by username 
 syncer-server-filesystem: Dispatching 'save' task: Draft of 'New Tiddler' by username 
 syncer-server-filesystem: Dispatching 'save' task: Draft of 'New Tiddler' by username 
 syncer-server-filesystem: Dispatching 'save' task: Draft of 'New Tiddler' by username 
 syncer-server-filesystem: Dispatching 'save' task: Draft of 'New Tiddler' by username 
 syncer-server-filesystem: Dispatching 'save' task: Draft of 'New Tiddler' by username 
 syncer-server-filesystem: Dispatching 'save' task: Draft of 'New Tiddler' by username 
 syncer-server-filesystem: Dispatching 'save' task: Draft of 'New Tiddler' by username 
 syncer-server-filesystem: Dispatching 'save' task: Draft of 'New Tiddler' by username 
 syncer-server-filesystem: Dispatching 'save' task: Draft of 'New Tiddler' by username 
 syncer-server-filesystem: Dispatching 'save' task: $:/StoryList 
 syncer-server-filesystem: Dispatching 'save' task: de Finibus Bonorum et Malorum 
 syncer-server-filesystem: Dispatching 'delete' task: Draft of 'New Tiddler' by username 
 syncer-server-filesystem: Dispatching 'save' task: $:/StoryList 
 syncer-server-filesystem: Dispatching 'save' task: Draft of 'de Finibus Bonorum et Malorum' by username 
 syncer-server-filesystem: Dispatching 'save' task: Draft of 'de Finibus Bonorum et Malorum' by username 
 syncer-server-filesystem: Dispatching 'save' task: Draft of 'de Finibus Bonorum et Malorum' by username 
 syncer-server-filesystem: Dispatching 'save' task: Draft of 'de Finibus Bonorum et Malorum' by username 
 syncer-server-filesystem: Dispatching 'save' task: Draft of 'de Finibus Bonorum et Malorum' by username 
 syncer-server-filesystem: Dispatching 'save' task: Draft of 'de Finibus Bonorum et Malorum' by username 
 syncer-server-filesystem: Dispatching 'save' task: $:/StoryList 
 syncer-server-filesystem: Dispatching 'save' task: de Finibus Bonorum et Malorum 
 syncer-server-filesystem: Dispatching 'delete' task: Draft of 'de Finibus Bonorum et Malorum' by username 
 syncer-server-filesystem: Dispatching 'save' task: $:/StoryList 
 syncer-server-filesystem: Dispatching 'save' task: Draft of 'New Tiddler' by username 
 syncer-server-filesystem: Dispatching 'save' task: Draft of 'New Tiddler' by username 
 syncer-server-filesystem: Dispatching 'save' task: Draft of 'New Tiddler' by username 
 syncer-server-filesystem: Dispatching 'save' task: Draft of 'New Tiddler' by username 
 syncer-server-filesystem: Dispatching 'save' task: Draft of 'New Tiddler' by username 
 syncer-server-filesystem: Dispatching 'save' task: Draft of 'New Tiddler' by username 
 syncer-server-filesystem: Dispatching 'save' task: Draft of 'New Tiddler' by username 
 syncer-server-filesystem: Dispatching 'save' task: Draft of 'New Tiddler' by username 
 syncer-server-filesystem: Dispatching 'save' task: Draft of 'New Tiddler' by username 
 syncer-server-filesystem: Dispatching 'save' task: Draft of 'New Tiddler' by username 
 syncer-server-filesystem: Dispatching 'save' task: Draft of 'New Tiddler' by username 
 syncer-server-filesystem: Dispatching 'save' task: Draft of 'New Tiddler' by username 
 syncer-server-filesystem: Dispatching 'save' task: Draft of 'New Tiddler' by username 
 syncer-server-filesystem: Dispatching 'save' task: Draft of 'New Tiddler' by username 
 syncer-server-filesystem: Dispatching 'save' task: Draft of 'New Tiddler' by username 
 syncer-server-filesystem: Dispatching 'save' task: Draft of 'New Tiddler' by username 
 syncer-server-filesystem: Dispatching 'save' task: Draft of 'New Tiddler' by username 
 syncer-server-filesystem: Dispatching 'save' task: Draft of 'New Tiddler' by username 
 syncer-server-filesystem: Dispatching 'save' task: Draft of 'New Tiddler' by username 
 syncer-server-filesystem: Dispatching 'save' task: Draft of 'New Tiddler' by username 
 syncer-server-filesystem: Dispatching 'save' task: Draft of 'New Tiddler' by username 
 syncer-server-filesystem: Dispatching 'save' task: Draft of 'New Tiddler' by username 
 syncer-server-filesystem: Dispatching 'save' task: Draft of 'New Tiddler' by username 
 syncer-server-filesystem: Dispatching 'save' task: Draft of 'New Tiddler' by username 
 syncer-server-filesystem: Dispatching 'save' task: Draft of 'New Tiddler' by username 
 syncer-server-filesystem: Dispatching 'save' task: Draft of 'New Tiddler' by username 
 syncer-server-filesystem: Dispatching 'save' task: Draft of 'New Tiddler' by username 
 syncer-server-filesystem: Dispatching 'save' task: Draft of 'New Tiddler' by username 
 syncer-server-filesystem: Dispatching 'save' task: Draft of 'New Tiddler' by username 
 syncer-server-filesystem: Dispatching 'save' task: Draft of 'New Tiddler' by username 
 syncer-server-filesystem: Dispatching 'save' task: Draft of 'New Tiddler' by username 
 syncer-server-filesystem: Dispatching 'save' task: Draft of 'New Tiddler' by username 
 syncer-server-filesystem: Dispatching 'save' task: Draft of 'New Tiddler' by username 
 syncer-server-filesystem: Dispatching 'save' task: Draft of 'New Tiddler' by username 
 syncer-server-filesystem: Dispatching 'save' task: Draft of 'New Tiddler' by username 
 syncer-server-filesystem: Dispatching 'save' task: Draft of 'New Tiddler' by username 
 syncer-server-filesystem: Dispatching 'save' task: Draft of 'New Tiddler' by username 
 syncer-server-filesystem: Dispatching 'save' task: Draft of 'New Tiddler' by username 
 syncer-server-filesystem: Dispatching 'save' task: Draft of 'New Tiddler' by username 
 syncer-server-filesystem: Dispatching 'save' task: Draft of 'New Tiddler' by username 
 syncer-server-filesystem: Dispatching 'save' task: Draft of 'New Tiddler' by username 
 syncer-server-filesystem: Dispatching 'save' task: Draft of 'New Tiddler' by username 
 syncer-server-filesystem: Dispatching 'save' task: Draft of 'New Tiddler' by username 
 syncer-server-filesystem: Dispatching 'save' task: Draft of 'New Tiddler' by username 
 syncer-server-filesystem: Dispatching 'save' task: Draft of 'New Tiddler' by username 
 syncer-server-filesystem: Dispatching 'save' task: Draft of 'New Tiddler' by username 
 syncer-server-filesystem: Dispatching 'save' task: Draft of 'New Tiddler' by username 
 syncer-server-filesystem: Dispatching 'save' task: Draft of 'New Tiddler' by username 
 syncer-server-filesystem: Dispatching 'save' task: Draft of 'New Tiddler' by username 
 syncer-server-filesystem: Dispatching 'save' task: Draft of 'New Tiddler' by username 
 syncer-server-filesystem: Dispatching 'save' task: Draft of 'New Tiddler' by username 
 syncer-server-filesystem: Dispatching 'save' task: Draft of 'New Tiddler' by username 
 syncer-server-filesystem: Dispatching 'save' task: Draft of 'New Tiddler' by username 
 syncer-server-filesystem: Dispatching 'save' task: Draft of 'New Tiddler' by username 
 syncer-server-filesystem: Dispatching 'save' task: Draft of 'New Tiddler' by username 
 syncer-server-filesystem: Dispatching 'save' task: Draft of 'New Tiddler' by username 
 syncer-server-filesystem: Dispatching 'save' task: Draft of 'New Tiddler' by username 
 syncer-server-filesystem: Dispatching 'save' task: Draft of 'New Tiddler' by username 
 syncer-server-filesystem: Dispatching 'save' task: Draft of 'New Tiddler' by username 
 syncer-server-filesystem: Dispatching 'save' task: Draft of 'New Tiddler' by username 
 syncer-server-filesystem: Dispatching 'save' task: Draft of 'New Tiddler' by username 
 syncer-server-filesystem: Dispatching 'save' task: Draft of 'New Tiddler' by username 
 syncer-server-filesystem: Dispatching 'save' task: Draft of 'New Tiddler' by username 
 syncer-server-filesystem: Dispatching 'save' task: Draft of 'New Tiddler' by username 
 syncer-server-filesystem: Dispatching 'save' task: Draft of 'New Tiddler' by username 
 syncer-server-filesystem: Dispatching 'save' task: Draft of 'New Tiddler' by username 
 syncer-server-filesystem: Dispatching 'save' task: Draft of 'New Tiddler' by username 
 syncer-server-filesystem: Dispatching 'save' task: Draft of 'New Tiddler' by username 
 syncer-server-filesystem: Dispatching 'save' task: Draft of 'New Tiddler' by username 
 syncer-server-filesystem: Dispatching 'save' task: Draft of 'New Tiddler' by username 
 syncer-server-filesystem: Dispatching 'save' task: Draft of 'New Tiddler' by username 
 syncer-server-filesystem: Dispatching 'save' task: Draft of 'New Tiddler' by username 
 syncer-server-filesystem: Dispatching 'save' task: Draft of 'New Tiddler' by username 
 syncer-server-filesystem: Dispatching 'save' task: Draft of 'New Tiddler' by username 
 syncer-server-filesystem: Dispatching 'save' task: Draft of 'New Tiddler' by username 
 syncer-server-filesystem: Dispatching 'save' task: Draft of 'New Tiddler' by username 
 syncer-server-filesystem: Dispatching 'save' task: Draft of 'New Tiddler' by username 
 syncer-server-filesystem: Dispatching 'save' task: Draft of 'New Tiddler' by username 
 syncer-server-filesystem: Dispatching 'save' task: Draft of 'New Tiddler' by username 
 syncer-server-filesystem: Dispatching 'save' task: Draft of 'New Tiddler' by username 
 syncer-server-filesystem: Dispatching 'save' task: Draft of 'New Tiddler' by username 
 syncer-server-filesystem: Dispatching 'save' task: Draft of 'New Tiddler' by username 
 syncer-server-filesystem: Dispatching 'save' task: Draft of 'New Tiddler' by username 
 syncer-server-filesystem: Dispatching 'save' task: Draft of 'New Tiddler' by username 
 syncer-server-filesystem: Dispatching 'save' task: Draft of 'New Tiddler' by username 
 syncer-server-filesystem: Dispatching 'save' task: Draft of 'New Tiddler' by username 
 syncer-server-filesystem: Dispatching 'save' task: Draft of 'New Tiddler' by username 
 syncer-server-filesystem: Dispatching 'save' task: Draft of 'New Tiddler' by username 
 syncer-server-filesystem: Dispatching 'save' task: Draft of 'New Tiddler' by username 
 syncer-server-filesystem: Dispatching 'save' task: Draft of 'New Tiddler' by username 
 syncer-server-filesystem: Dispatching 'save' task: Draft of 'New Tiddler' by username 
 syncer-server-filesystem: Dispatching 'save' task: Draft of 'New Tiddler' by username 
 syncer-server-filesystem: Dispatching 'save' task: Draft of 'New Tiddler' by username 
 syncer-server-filesystem: Dispatching 'save' task: Draft of 'New Tiddler' by username 
 syncer-server-filesystem: Dispatching 'save' task: Draft of 'New Tiddler' by username 
 syncer-server-filesystem: Dispatching 'save' task: Draft of 'New Tiddler' by username 
 syncer-server-filesystem: Dispatching 'save' task: Draft of 'New Tiddler' by username 
 syncer-server-filesystem: Dispatching 'save' task: $:/StoryList 
 syncer-server-filesystem: Dispatching 'save' task: A Title 
 syncer-server-filesystem: Dispatching 'delete' task: Draft of 'New Tiddler' by username 
 syncer-server-filesystem: Dispatching 'save' task: $:/StoryList 
 syncer-server-filesystem: Dispatching 'save' task: Draft of 'A Title' by username 
 syncer-server-filesystem: Dispatching 'save' task: Draft of 'A Title' by username 
 syncer-server-filesystem: Dispatching 'save' task: $:/StoryList 
 syncer-server-filesystem: Dispatching 'save' task: A Title 
 syncer-server-filesystem: Dispatching 'delete' task: Draft of 'A Title' by username 
 syncer-server-filesystem: Dispatching 'save' task: $:/StoryList 
 syncer-server-filesystem: Dispatching 'save' task: Draft of 'New Tiddler' by username 
 syncer-server-filesystem: Dispatching 'save' task: Draft of 'New Tiddler' by username 
 syncer-server-filesystem: Dispatching 'save' task: Draft of 'New Tiddler' by username 
 syncer-server-filesystem: Dispatching 'save' task: Draft of 'New Tiddler' by username 
 syncer-server-filesystem: Dispatching 'save' task: Draft of 'New Tiddler' by username 
 syncer-server-filesystem: Dispatching 'save' task: Draft of 'New Tiddler' by username 
 syncer-server-filesystem: Dispatching 'save' task: $:/StoryList 
 syncer-server-filesystem: Dispatching 'save' task: Some Pictures 
 syncer-server-filesystem: Dispatching 'delete' task: Draft of 'New Tiddler' by username 
 syncer-server-filesystem: Dispatching 'save' task: $:/StoryList 
 syncer-server-filesystem: Dispatching 'save' task: beach-soft-light.jpg 
 syncer-server-filesystem: Dispatching 'save' task: $:/StoryList 
 syncer-server-filesystem: Dispatching 'save' task: $:/StoryList 
 syncer-server-filesystem: Dispatching 'save' task: Draft of 'beach-soft-light.jpg' by username 
 syncer-server-filesystem: Dispatching 'save' task: $:/StoryList 
 syncer-server-filesystem: Dispatching 'delete' task: Draft of 'beach-soft-light.jpg' by username 
 syncer-server-filesystem: Dispatching 'save' task: $:/StoryList 
 syncer-server-filesystem: Dispatching 'save' task: serious-grasshopper.jpg 
 syncer-server-filesystem: Dispatching 'save' task: $:/StoryList 
 syncer-server-filesystem: Dispatching 'save' task: $:/StoryList 
 syncer-server-filesystem: Dispatching 'save' task: wanna-beer.jpg 
 syncer-server-filesystem: Dispatching 'save' task: $:/StoryList 
 syncer-server-filesystem: Dispatching 'save' task: $:/StoryList 
 syncer-server-filesystem: Dispatching 'save' task: $:/StoryList 
 syncer-server-filesystem: Dispatching 'save' task: $:/StoryList 
 syncer-server-filesystem: Dispatching 'save' task: $:/StoryList 
 syncer-server-filesystem: Dispatching 'save' task: Draft of 'Some Pictures' by username 
 syncer-server-filesystem: Dispatching 'save' task: $:/StoryList 
 syncer-server-filesystem: Dispatching 'save' task: Draft of 'Some Pictures' by username 
 syncer-server-filesystem: Dispatching 'save' task: Draft of 'Some Pictures' by username 
 syncer-server-filesystem: Dispatching 'save' task: Draft of 'Some Pictures' by username 
 syncer-server-filesystem: Dispatching 'save' task: Draft of 'Some Pictures' by username 
 syncer-server-filesystem: Dispatching 'save' task: Draft of 'Some Pictures' by username 
 syncer-server-filesystem: Dispatching 'save' task: Draft of 'Some Pictures' by username 
 syncer-server-filesystem: Dispatching 'save' task: Draft of 'Some Pictures' by username 
 syncer-server-filesystem: Dispatching 'save' task: Draft of 'Some Pictures' by username 
 syncer-server-filesystem: Dispatching 'save' task: Draft of 'Some Pictures' by username 
 syncer-server-filesystem: Dispatching 'save' task: Draft of 'Some Pictures' by username 
 syncer-server-filesystem: Dispatching 'save' task: Draft of 'Some Pictures' by username 
 syncer-server-filesystem: Dispatching 'save' task: Draft of 'Some Pictures' by username 
 syncer-server-filesystem: Dispatching 'save' task: Draft of 'Some Pictures' by username 
 syncer-server-filesystem: Dispatching 'save' task: Draft of 'Some Pictures' by username 
 syncer-server-filesystem: Dispatching 'save' task: Draft of 'Some Pictures' by username 
 syncer-server-filesystem: Dispatching 'save' task: Draft of 'Some Pictures' by username 
 syncer-server-filesystem: Dispatching 'save' task: Draft of 'Some Pictures' by username 
 syncer-server-filesystem: Dispatching 'save' task: Draft of 'Some Pictures' by username 
 syncer-server-filesystem: Dispatching 'save' task: Draft of 'Some Pictures' by username 
 syncer-server-filesystem: Dispatching 'save' task: Draft of 'Some Pictures' by username 
 syncer-server-filesystem: Dispatching 'save' task: Draft of 'Some Pictures' by username 
 syncer-server-filesystem: Dispatching 'save' task: Draft of 'Some Pictures' by username 
 syncer-server-filesystem: Dispatching 'save' task: Draft of 'Some Pictures' by username 
 syncer-server-filesystem: Dispatching 'save' task: Draft of 'Some Pictures' by username 
 syncer-server-filesystem: Dispatching 'save' task: Draft of 'Some Pictures' by username 
 syncer-server-filesystem: Dispatching 'save' task: Draft of 'Some Pictures' by username 
 syncer-server-filesystem: Dispatching 'save' task: Draft of 'Some Pictures' by username 
 syncer-server-filesystem: Dispatching 'save' task: Draft of 'Some Pictures' by username 
 syncer-server-filesystem: Dispatching 'save' task: $:/StoryList 
 syncer-server-filesystem: Dispatching 'save' task: Some Pictures 
 syncer-server-filesystem: Dispatching 'delete' task: Draft of 'Some Pictures' by username 
 syncer-server-filesystem: Dispatching 'save' task: $:/StoryList 
 syncer-server-filesystem: Dispatching 'save' task: Draft of 'Some Pictures' by username 
 syncer-server-filesystem: Dispatching 'save' task: Draft of 'Some Pictures' by username 
 syncer-server-filesystem: Dispatching 'save' task: Draft of 'Some Pictures' by username 
 syncer-server-filesystem: Dispatching 'save' task: Draft of 'Some Pictures' by username 
 syncer-server-filesystem: Dispatching 'save' task: Draft of 'Some Pictures' by username 
 syncer-server-filesystem: Dispatching 'save' task: $:/StoryList 
 syncer-server-filesystem: Dispatching 'save' task: Some Pictures 
 syncer-server-filesystem: Dispatching 'delete' task: Draft of 'Some Pictures' by username 
 syncer-server-filesystem: Dispatching 'save' task: $:/StoryList 
 syncer-server-filesystem: Dispatching 'save' task: Draft of 'Some Pictures' by username 
 syncer-server-filesystem: Dispatching 'save' task: Draft of 'Some Pictures' by username 
 syncer-server-filesystem: Dispatching 'save' task: Draft of 'Some Pictures' by username 
 syncer-server-filesystem: Dispatching 'save' task: Draft of 'Some Pictures' by username 
 syncer-server-filesystem: Dispatching 'save' task: Draft of 'Some Pictures' by username 
 syncer-server-filesystem: Dispatching 'save' task: Draft of 'Some Pictures' by username 
 syncer-server-filesystem: Dispatching 'save' task: Draft of 'Some Pictures' by username 
 syncer-server-filesystem: Dispatching 'save' task: Draft of 'Some Pictures' by username 
 syncer-server-filesystem: Dispatching 'save' task: Draft of 'Some Pictures' by username 
 syncer-server-filesystem: Dispatching 'save' task: Draft of 'Some Pictures' by username 
 syncer-server-filesystem: Dispatching 'save' task: Draft of 'Some Pictures' by username 
 syncer-server-filesystem: Dispatching 'save' task: Draft of 'Some Pictures' by username 
 syncer-server-filesystem: Dispatching 'save' task: Draft of 'Some Pictures' by username 
 syncer-server-filesystem: Dispatching 'save' task: Draft of 'Some Pictures' by username 
 syncer-server-filesystem: Dispatching 'save' task: Draft of 'Some Pictures' by username 
 syncer-server-filesystem: Dispatching 'save' task: Draft of 'Some Pictures' by username 
 syncer-server-filesystem: Dispatching 'save' task: Draft of 'Some Pictures' by username 
 syncer-server-filesystem: Dispatching 'save' task: Draft of 'Some Pictures' by username 
 syncer-server-filesystem: Dispatching 'save' task: $:/StoryList 
 syncer-server-filesystem: Dispatching 'save' task: Some Pictures 
 syncer-server-filesystem: Dispatching 'delete' task: Draft of 'Some Pictures' by username 
 syncer-server-filesystem: Dispatching 'save' task: $:/StoryList 
 syncer-server-filesystem: Dispatching 'save' task: some-pictures 
 syncer-server-filesystem: Dispatching 'save' task: some-pictures 1 
 syncer-server-filesystem: Dispatching 'save' task: $:/StoryList 
 syncer-server-filesystem: Dispatching 'save' task: Draft of 'Create New Post' by username 
 syncer-server-filesystem: Dispatching 'save' task: $:/StoryList 
 syncer-server-filesystem: Dispatching 'save' task: $:/StoryList 
 syncer-server-filesystem: Dispatching 'save' task: $:/StoryList 
 syncer-server-filesystem: Dispatching 'delete' task: Draft of 'Create New Post' by username 
 syncer-server-filesystem: Dispatching 'save' task: some-pictures 2 
 syncer-server-filesystem: Dispatching 'save' task: $:/StoryList 
 syncer-server-filesystem: Dispatching 'save' task: $:/StoryList 
 syncer-server-filesystem: Dispatching 'save' task: Draft of 'some-pictures 1' by username 
 syncer-server-filesystem: Dispatching 'save' task: $:/StoryList 
 syncer-server-filesystem: Dispatching 'delete' task: some-pictures 1 
 syncer-server-filesystem: Dispatching 'delete' task: Draft of 'some-pictures 1' by username 
 syncer-server-filesystem: Dispatching 'save' task: $:/StoryList 
 syncer-server-filesystem: Dispatching 'save' task: $:/StoryList 
 syncer-server-filesystem: Dispatching 'save' task: Draft of 'some-pictures 2' by username 
 syncer-server-filesystem: Dispatching 'save' task: $:/StoryList 
 syncer-server-filesystem: Dispatching 'delete' task: some-pictures 2 
 syncer-server-filesystem: Dispatching 'delete' task: Draft of 'some-pictures 2' by username 
 syncer-server-filesystem: Dispatching 'save' task: Some Pictures 
 syncer-server-filesystem: Dispatching 'save' task: some-pictures 
 syncer-server-filesystem: Dispatching 'save' task: some-pictures 
 syncer-server-filesystem: Dispatching 'save' task: some-pictures 
 syncer-server-filesystem: Dispatching 'save' task: some-pictures 
 syncer-server-filesystem: Dispatching 'save' task: some-pictures 
 syncer-server-filesystem: Dispatching 'save' task: some-pictures 
 syncer-server-filesystem: Dispatching 'save' task: $:/StoryList 
 syncer-server-filesystem: Dispatching 'save' task: $:/StoryList 
 syncer-server-filesystem: Dispatching 'save' task: $:/StoryList 
 syncer-server-filesystem: Dispatching 'save' task: $:/StoryList 
 syncer-server-filesystem: Dispatching 'save' task: Draft of '$:/core/ui/MyTagTemplate' by username 
 syncer-server-filesystem: Dispatching 'save' task: $:/StoryList 
 syncer-server-filesystem: Dispatching 'delete' task: $:/core/ui/MyTagTemplate 
 syncer-server-filesystem: Dispatching 'delete' task: Draft of '$:/core/ui/MyTagTemplate' by username 
 syncer-server-filesystem: Dispatching 'save' task: $:/StoryList 
 syncer-server-filesystem: Dispatching 'save' task: $:/StoryList 
 syncer-server-filesystem: Dispatching 'save' task: Draft of 'PostTemplate' by username 
 syncer-server-filesystem: Dispatching 'save' task: Draft of 'PostTemplate' by username 
 syncer-server-filesystem: Dispatching 'save' task: Draft of 'PostTemplate' by username 
 syncer-server-filesystem: Dispatching 'save' task: Draft of 'PostTemplate' by username 
 syncer-server-filesystem: Dispatching 'save' task: Draft of 'PostTemplate' by username 
 syncer-server-filesystem: Dispatching 'save' task: Draft of 'PostTemplate' by username 
 syncer-server-filesystem: Dispatching 'save' task: Draft of 'PostTemplate' by username 
 syncer-server-filesystem: Dispatching 'save' task: Draft of 'PostTemplate' by username 
 syncer-server-filesystem: Dispatching 'save' task: $:/StoryList 
 syncer-server-filesystem: Dispatching 'save' task: PostTemplate 
 syncer-server-filesystem: Dispatching 'delete' task: Draft of 'PostTemplate' by username 
 syncer-server-filesystem: Dispatching 'save' task: $:/StoryList 
 syncer-server-filesystem: Dispatching 'save' task: $:/StoryList 
 syncer-server-filesystem: Dispatching 'save' task: $:/StoryList 
 syncer-server-filesystem: Dispatching 'save' task: a-generic-title-with-hyphens 
 syncer-server-filesystem: Dispatching 'save' task: A Title 
 syncer-server-filesystem: Dispatching 'save' task: a-generic-title-with-hyphens 
 syncer-server-filesystem: Dispatching 'save' task: a-generic-title-with-hyphens 
 syncer-server-filesystem: Dispatching 'save' task: a-generic-title-with-hyphens 
 syncer-server-filesystem: Dispatching 'save' task: a-generic-title-with-hyphens 
 syncer-server-filesystem: Dispatching 'save' task: $:/StoryList 
 syncer-server-filesystem: Dispatching 'save' task: a-generic-title-with-hyphens 
 syncer-server-filesystem: Dispatching 'save' task: a-generic-title-with-hyphens 
 syncer-server-filesystem: Dispatching 'save' task: a-generic-title-with-hyphens 
 syncer-server-filesystem: Dispatching 'save' task: $:/StoryList 
 syncer-server-filesystem: Dispatching 'save' task: $:/StoryList 
 syncer-server-filesystem: Dispatching 'save' task: $:/StoryList 
 syncer-server-filesystem: Dispatching 'save' task: de-finibus-bonorum-et-malorum 
 syncer-server-filesystem: Dispatching 'save' task: de Finibus Bonorum et Malorum 
 syncer-server-filesystem: Dispatching 'save' task: de-finibus-bonorum-et-malorum 
 syncer-server-filesystem: Dispatching 'save' task: de-finibus-bonorum-et-malorum 
 syncer-server-filesystem: Dispatching 'save' task: de-finibus-bonorum-et-malorum 
 syncer-server-filesystem: Dispatching 'save' task: de-finibus-bonorum-et-malorum 
 syncer-server-filesystem: Dispatching 'save' task: de-finibus-bonorum-et-malorum 
 syncer-server-filesystem: Dispatching 'save' task: $:/StoryList 
 syncer-server-filesystem: Dispatching 'save' task: $:/StoryList 
 syncer-server-filesystem: Dispatching 'save' task: $:/StoryList 
 syncer-server-filesystem: Dispatching 'save' task: $:/StoryList 
 syncer-server-filesystem: Dispatching 'save' task: $:/StoryList 
 syncer-server-filesystem: Dispatching 'save' task: $:/StoryList 
 syncer-server-filesystem: Dispatching 'save' task: $:/StoryList 
 syncer-server-filesystem: Dispatching 'save' task: Draft of '$:/blog/templates/static.tiddler.html' by username 
 syncer-server-filesystem: Dispatching 'save' task: $:/StoryList 
 syncer-server-filesystem: Dispatching 'save' task: $:/StoryList 
 syncer-server-filesystem: Dispatching 'save' task: Draft of '$:/core/ui/StaticViewTemplate' by username 
 syncer-server-filesystem: Dispatching 'save' task: $:/StoryList 
 syncer-server-filesystem: Dispatching 'save' task: $:/StoryList 
 syncer-server-filesystem: Dispatching 'save' task: $:/StoryList 
 syncer-server-filesystem: Dispatching 'save' task: $:/StoryList 
 syncer-server-filesystem: Dispatching 'save' task: $:/StoryList 
 syncer-server-filesystem: Dispatching 'save' task: $:/StoryList 
 syncer-server-filesystem: Dispatching 'save' task: $:/StoryList 
 syncer-server-filesystem: Dispatching 'save' task: $:/StoryList 
 syncer-server-filesystem: Dispatching 'save' task: $:/StoryList 
 syncer-server-filesystem: Dispatching 'save' task: $:/StoryList 
 syncer-server-filesystem: Dispatching 'save' task: $:/StoryList 
 syncer-server-filesystem: Dispatching 'save' task: $:/StoryList 
 syncer-server-filesystem: Dispatching 'delete' task: Draft of '$:/blog/templates/static.tiddler.html' by username 
 syncer-server-filesystem: Dispatching 'save' task: $:/StoryList 
 syncer-server-filesystem: Dispatching 'save' task: $:/StoryList 
 syncer-server-filesystem: Dispatching 'delete' task: Draft of '$:/core/ui/StaticViewTemplate' by username 
 syncer-server-filesystem: Dispatching 'save' task: $:/StoryList 
 syncer-server-filesystem: Dispatching 'save' task: $:/StoryList 
 syncer-server-filesystem: Dispatching 'save' task: $:/StoryList 
 syncer-server-filesystem: Dispatching 'save' task: Draft of '$:/blog-index/static-header' by username 
 syncer-server-filesystem: Dispatching 'save' task: Draft of '$:/blog-index/static-header' by username 
 syncer-server-filesystem: Dispatching 'save' task: Draft of '$:/blog-index/static-header' by username 
 syncer-server-filesystem: Dispatching 'save' task: Draft of '$:/blog-index/static-header' by username 
 syncer-server-filesystem: Dispatching 'save' task: $:/blog-index/static-header 
 syncer-server-filesystem: Dispatching 'save' task: $:/StoryList 
 syncer-server-filesystem: Dispatching 'delete' task: Draft of '$:/blog-index/static-header' by username 
 syncer-server-filesystem: Dispatching 'save' task: $:/StoryList 
 syncer-server-filesystem: Dispatching 'save' task: $:/StoryList 
 syncer-server-filesystem: Dispatching 'save' task: Draft of '$:/blog-post-macro/static-header' by username 
 syncer-server-filesystem: Dispatching 'save' task: $:/StoryList 
 syncer-server-filesystem: Dispatching 'delete' task: Draft of '$:/blog-post-macro/static-header' by username 
 syncer-server-filesystem: Dispatching 'save' task: $:/StoryList 
 syncer-server-filesystem: Dispatching 'save' task: Draft of '$:/blog-index/static-header' by username 
 syncer-server-filesystem: Dispatching 'save' task: Draft of '$:/blog-index/static-header' by username 
 syncer-server-filesystem: Dispatching 'save' task: Draft of '$:/blog-index/static-header' by username 
 syncer-server-filesystem: Dispatching 'save' task: $:/blog-index/static-header 
 syncer-server-filesystem: Dispatching 'save' task: $:/StoryList 
 syncer-server-filesystem: Dispatching 'delete' task: Draft of '$:/blog-index/static-header' by username 
 syncer-server-filesystem: Dispatching 'save' task: $:/StoryList 
 syncer-server-filesystem: Dispatching 'save' task: $:/StoryList 
 syncer-server-filesystem: Dispatching 'save' task: $:/StoryList 
 syncer-server-filesystem: Dispatching 'save' task: $:/StoryList 
 syncer-server-filesystem: Dispatching 'save' task: Draft of '/home/nodeuser/tiddlywikis/twstatic/tiddlers/categoryTemplate' by username 
 syncer-server-filesystem: Dispatching 'save' task: Draft of '/home/nodeuser/tiddlywikis/twstatic/tiddlers/categoryTemplate' by username 
 syncer-server-filesystem: Dispatching 'save' task: Draft of '/home/nodeuser/tiddlywikis/twstatic/tiddlers/categoryTemplate' by username 
 syncer-server-filesystem: Dispatching 'save' task: Draft of '/home/nodeuser/tiddlywikis/twstatic/tiddlers/categoryTemplate' by username 
 syncer-server-filesystem: Dispatching 'save' task: Draft of '/home/nodeuser/tiddlywikis/twstatic/tiddlers/categoryTemplate' by username 
 syncer-server-filesystem: Dispatching 'save' task: Draft of '/home/nodeuser/tiddlywikis/twstatic/tiddlers/categoryTemplate' by username 
 syncer-server-filesystem: Dispatching 'save' task: $:/config/RelinkOnRename 
 syncer-server-filesystem: Dispatching 'save' task: $:/StoryList 
 syncer-server-filesystem: Dispatching 'save' task: categoryTemplate 
 syncer-server-filesystem: Dispatching 'delete' task: /home/nodeuser/tiddlywikis/twstatic/tiddlers/categoryTemplate 
 syncer-server-filesystem: Dispatching 'delete' task: Draft of '/home/nodeuser/tiddlywikis/twstatic/tiddlers/categoryTemplate' by username 
 syncer-server-filesystem: Dispatching 'save' task: $:/StoryList 
 syncer-server-filesystem: Dispatching 'save' task: Draft of 'categoryTemplate' by username 
 syncer-server-filesystem: Dispatching 'save' task: Draft of 'categoryTemplate' by username 
 syncer-server-filesystem: Dispatching 'save' task: $:/StoryList 
 syncer-server-filesystem: Dispatching 'save' task: categoryTemplate 
 syncer-server-filesystem: Dispatching 'delete' task: Draft of 'categoryTemplate' by username 
 syncer-server-filesystem: Dispatching 'save' task: $:/StoryList 
 syncer-server-filesystem: Dispatching 'save' task: Draft of 'categoryTemplate' by username 
 syncer-server-filesystem: Dispatching 'save' task: Draft of 'categoryTemplate' by username 
 syncer-server-filesystem: Dispatching 'save' task: Draft of 'categoryTemplate' by username 
 syncer-server-filesystem: Dispatching 'save' task: $:/StoryList 
 syncer-server-filesystem: Dispatching 'save' task: categoryTemplate 
 syncer-server-filesystem: Dispatching 'delete' task: Draft of 'categoryTemplate' by username 
 syncer-server-filesystem: Dispatching 'save' task: $:/StoryList 
 syncer-server-filesystem: Dispatching 'save' task: $:/StoryList 
 syncer-server-filesystem: Dispatching 'save' task: Draft of '/home/nodeuser/tiddlywikis/twstatic/tiddlers/tagTemplate' by username 
 syncer-server-filesystem: Dispatching 'save' task: Draft of '/home/nodeuser/tiddlywikis/twstatic/tiddlers/tagTemplate' by username 
 syncer-server-filesystem: Dispatching 'save' task: Draft of '/home/nodeuser/tiddlywikis/twstatic/tiddlers/tagTemplate' by username 
 syncer-server-filesystem: Dispatching 'save' task: Draft of '/home/nodeuser/tiddlywikis/twstatic/tiddlers/tagTemplate' by username 
 syncer-server-filesystem: Dispatching 'save' task: Draft of '/home/nodeuser/tiddlywikis/twstatic/tiddlers/tagTemplate' by username 
 syncer-server-filesystem: Dispatching 'save' task: Draft of '/home/nodeuser/tiddlywikis/twstatic/tiddlers/tagTemplate' by username 
 syncer-server-filesystem: Dispatching 'save' task: Draft of '/home/nodeuser/tiddlywikis/twstatic/tiddlers/tagTemplate' by username 
 syncer-server-filesystem: Dispatching 'save' task: Draft of '/home/nodeuser/tiddlywikis/twstatic/tiddlers/tagTemplate' by username 
 syncer-server-filesystem: Dispatching 'save' task: $:/StoryList 
 syncer-server-filesystem: Dispatching 'save' task: tagTemplate 
 syncer-server-filesystem: Dispatching 'delete' task: /home/nodeuser/tiddlywikis/twstatic/tiddlers/tagTemplate 
 syncer-server-filesystem: Dispatching 'delete' task: Draft of '/home/nodeuser/tiddlywikis/twstatic/tiddlers/tagTemplate' by username 
 syncer-server-filesystem: Dispatching 'save' task: $:/StoryList 
 syncer-server-filesystem: Dispatching 'save' task: Draft of 'categoryTemplate' by username 
 syncer-server-filesystem: Dispatching 'save' task: Draft of 'categoryTemplate' by username 
 syncer-server-filesystem: Dispatching 'save' task: $:/StoryList 
 syncer-server-filesystem: Dispatching 'save' task: categoryTemplate 
 syncer-server-filesystem: Dispatching 'delete' task: Draft of 'categoryTemplate' by username 
 syncer-server-filesystem: Dispatching 'save' task: $:/StoryList 
 syncer-server-filesystem: Dispatching 'save' task: $:/StoryList 
 syncer-server-filesystem: Dispatching 'save' task: $:/StoryList 
 syncer-server-filesystem: Dispatching 'save' task: $:/StoryList 
 syncer-server-filesystem: Dispatching 'save' task: Draft of '/home/nodeuser/tiddlywikis/twstatic/tiddlers/dummy' by username 
 syncer-server-filesystem: Dispatching 'save' task: $:/StoryList 
 syncer-server-filesystem: Dispatching 'delete' task: /home/nodeuser/tiddlywikis/twstatic/tiddlers/dummy 
 syncer-server-filesystem: Dispatching 'delete' task: Draft of '/home/nodeuser/tiddlywikis/twstatic/tiddlers/dummy' by username 
